<?xml version="1.0" encoding="UTF-8"?>
<testsuite xmlns:xsi="http://www.w3.org/2001/XMLSchema-instance" xsi:noNamespaceSchemaLocation="https://maven.apache.org/surefire/maven-surefire-plugin/xsd/surefire-test-report.xsd" name="org.flowable.examples.spring.boot.FlowableSpringBootExampleApplicationTests" time="8.436" tests="1" errors="0" skipped="0" failures="0">
  <properties>
    <property name="sun.desktop" value="windows"/>
    <property name="awt.toolkit" value="sun.awt.windows.WToolkit"/>
    <property name="file.encoding.pkg" value="sun.io"/>
    <property name="java.specification.version" value="1.8"/>
    <property name="sun.cpu.isalist" value="amd64"/>
    <property name="sun.jnu.encoding" value="Cp1252"/>
    <property name="java.class.path" value="C:\Users\andrew.d.brown\Repositories\Flow\flowable-springboot-demo\target\test-classes;C:\Users\andrew.d.brown\Repositories\Flow\flowable-springboot-demo\target\classes;C:\Users\andrew.d.brown\.m2\repository\org\springframework\boot\spring-boot-starter-actuator\2.0.0.RELEASE\spring-boot-starter-actuator-2.0.0.RELEASE.jar;C:\Users\andrew.d.brown\.m2\repository\org\springframework\boot\spring-boot-starter\2.0.0.RELEASE\spring-boot-starter-2.0.0.RELEASE.jar;C:\Users\andrew.d.brown\.m2\repository\org\springframework\boot\spring-boot\2.0.0.RELEASE\spring-boot-2.0.0.RELEASE.jar;C:\Users\andrew.d.brown\.m2\repository\org\springframework\boot\spring-boot-autoconfigure\2.0.0.RELEASE\spring-boot-autoconfigure-2.0.0.RELEASE.jar;C:\Users\andrew.d.brown\.m2\repository\org\springframework\boot\spring-boot-starter-logging\2.0.0.RELEASE\spring-boot-starter-logging-2.0.0.RELEASE.jar;C:\Users\andrew.d.brown\.m2\repository\ch\qos\logback\logback-classic\1.2.3\logback-classic-1.2.3.jar;C:\Users\andrew.d.brown\.m2\repository\ch\qos\logback\logback-core\1.2.3\logback-core-1.2.3.jar;C:\Users\andrew.d.brown\.m2\repository\org\apache\logging\log4j\log4j-to-slf4j\2.10.0\log4j-to-slf4j-2.10.0.jar;C:\Users\andrew.d.brown\.m2\repository\org\apache\logging\log4j\log4j-api\2.10.0\log4j-api-2.10.0.jar;C:\Users\andrew.d.brown\.m2\repository\org\slf4j\jul-to-slf4j\1.7.25\jul-to-slf4j-1.7.25.jar;C:\Users\andrew.d.brown\.m2\repository\javax\annotation\javax.annotation-api\1.3.2\javax.annotation-api-1.3.2.jar;C:\Users\andrew.d.brown\.m2\repository\org\yaml\snakeyaml\1.19\snakeyaml-1.19.jar;C:\Users\andrew.d.brown\.m2\repository\org\springframework\boot\spring-boot-actuator-autoconfigure\2.0.0.RELEASE\spring-boot-actuator-autoconfigure-2.0.0.RELEASE.jar;C:\Users\andrew.d.brown\.m2\repository\org\springframework\boot\spring-boot-actuator\2.0.0.RELEASE\spring-boot-actuator-2.0.0.RELEASE.jar;C:\Users\andrew.d.brown\.m2\repository\org\springframework\spring-context\5.0.4.RELEASE\spring-context-5.0.4.RELEASE.jar;C:\Users\andrew.d.brown\.m2\repository\com\fasterxml\jackson\datatype\jackson-datatype-jsr310\2.9.4\jackson-datatype-jsr310-2.9.4.jar;C:\Users\andrew.d.brown\.m2\repository\io\micrometer\micrometer-core\1.0.1\micrometer-core-1.0.1.jar;C:\Users\andrew.d.brown\.m2\repository\org\hdrhistogram\HdrHistogram\2.1.10\HdrHistogram-2.1.10.jar;C:\Users\andrew.d.brown\.m2\repository\org\latencyutils\LatencyUtils\2.0.3\LatencyUtils-2.0.3.jar;C:\Users\andrew.d.brown\.m2\repository\org\springframework\boot\spring-boot-starter-web\2.0.0.RELEASE\spring-boot-starter-web-2.0.0.RELEASE.jar;C:\Users\andrew.d.brown\.m2\repository\org\springframework\boot\spring-boot-starter-json\2.0.0.RELEASE\spring-boot-starter-json-2.0.0.RELEASE.jar;C:\Users\andrew.d.brown\.m2\repository\com\fasterxml\jackson\datatype\jackson-datatype-jdk8\2.9.4\jackson-datatype-jdk8-2.9.4.jar;C:\Users\andrew.d.brown\.m2\repository\com\fasterxml\jackson\module\jackson-module-parameter-names\2.9.4\jackson-module-parameter-names-2.9.4.jar;C:\Users\andrew.d.brown\.m2\repository\org\springframework\boot\spring-boot-starter-tomcat\2.0.0.RELEASE\spring-boot-starter-tomcat-2.0.0.RELEASE.jar;C:\Users\andrew.d.brown\.m2\repository\org\apache\tomcat\embed\tomcat-embed-core\8.5.28\tomcat-embed-core-8.5.28.jar;C:\Users\andrew.d.brown\.m2\repository\org\apache\tomcat\embed\tomcat-embed-el\8.5.28\tomcat-embed-el-8.5.28.jar;C:\Users\andrew.d.brown\.m2\repository\org\apache\tomcat\embed\tomcat-embed-websocket\8.5.28\tomcat-embed-websocket-8.5.28.jar;C:\Users\andrew.d.brown\.m2\repository\org\hibernate\validator\hibernate-validator\6.0.7.Final\hibernate-validator-6.0.7.Final.jar;C:\Users\andrew.d.brown\.m2\repository\javax\validation\validation-api\2.0.1.Final\validation-api-2.0.1.Final.jar;C:\Users\andrew.d.brown\.m2\repository\org\jboss\logging\jboss-logging\3.3.2.Final\jboss-logging-3.3.2.Final.jar;C:\Users\andrew.d.brown\.m2\repository\com\fasterxml\classmate\1.3.4\classmate-1.3.4.jar;C:\Users\andrew.d.brown\.m2\repository\org\springframework\spring-web\5.0.4.RELEASE\spring-web-5.0.4.RELEASE.jar;C:\Users\andrew.d.brown\.m2\repository\org\springframework\spring-beans\5.0.4.RELEASE\spring-beans-5.0.4.RELEASE.jar;C:\Users\andrew.d.brown\.m2\repository\org\springframework\spring-webmvc\5.0.4.RELEASE\spring-webmvc-5.0.4.RELEASE.jar;C:\Users\andrew.d.brown\.m2\repository\org\springframework\spring-aop\5.0.4.RELEASE\spring-aop-5.0.4.RELEASE.jar;C:\Users\andrew.d.brown\.m2\repository\org\springframework\spring-expression\5.0.4.RELEASE\spring-expression-5.0.4.RELEASE.jar;C:\Users\andrew.d.brown\.m2\repository\com\h2database\h2\1.4.196\h2-1.4.196.jar;C:\Users\andrew.d.brown\.m2\repository\org\flowable\flowable-spring-boot-starter-process\6.4.1\flowable-spring-boot-starter-process-6.4.1.jar;C:\Users\andrew.d.brown\.m2\repository\org\flowable\flowable-spring-boot-autoconfigure\6.4.1\flowable-spring-boot-autoconfigure-6.4.1.jar;C:\Users\andrew.d.brown\.m2\repository\org\flowable\flowable-spring-security\6.4.1\flowable-spring-security-6.4.1.jar;C:\Users\andrew.d.brown\.m2\repository\org\flowable\flowable-engine\6.4.1\flowable-engine-6.4.1.jar;C:\Users\andrew.d.brown\.m2\repository\org\flowable\flowable-bpmn-converter\6.4.1\flowable-bpmn-converter-6.4.1.jar;C:\Users\andrew.d.brown\.m2\repository\org\flowable\flowable-process-validation\6.4.1\flowable-process-validation-6.4.1.jar;C:\Users\andrew.d.brown\.m2\repository\org\flowable\flowable-engine-common-api\6.4.1\flowable-engine-common-api-6.4.1.jar;C:\Users\andrew.d.brown\.m2\repository\org\flowable\flowable-engine-common\6.4.1\flowable-engine-common-6.4.1.jar;C:\Users\andrew.d.brown\.m2\repository\org\flowable\flowable-variable-service-api\6.4.1\flowable-variable-service-api-6.4.1.jar;C:\Users\andrew.d.brown\.m2\repository\org\flowable\flowable-variable-service\6.4.1\flowable-variable-service-6.4.1.jar;C:\Users\andrew.d.brown\.m2\repository\org\flowable\flowable-identitylink-service\6.4.1\flowable-identitylink-service-6.4.1.jar;C:\Users\andrew.d.brown\.m2\repository\org\flowable\flowable-identitylink-service-api\6.4.1\flowable-identitylink-service-api-6.4.1.jar;C:\Users\andrew.d.brown\.m2\repository\org\flowable\flowable-entitylink-service\6.4.1\flowable-entitylink-service-6.4.1.jar;C:\Users\andrew.d.brown\.m2\repository\org\flowable\flowable-entitylink-service-api\6.4.1\flowable-entitylink-service-api-6.4.1.jar;C:\Users\andrew.d.brown\.m2\repository\org\flowable\flowable-task-service\6.4.1\flowable-task-service-6.4.1.jar;C:\Users\andrew.d.brown\.m2\repository\org\flowable\flowable-task-service-api\6.4.1\flowable-task-service-api-6.4.1.jar;C:\Users\andrew.d.brown\.m2\repository\org\flowable\flowable-job-service\6.4.1\flowable-job-service-6.4.1.jar;C:\Users\andrew.d.brown\.m2\repository\org\flowable\flowable-job-service-api\6.4.1\flowable-job-service-api-6.4.1.jar;C:\Users\andrew.d.brown\.m2\repository\org\flowable\flowable-idm-api\6.4.1\flowable-idm-api-6.4.1.jar;C:\Users\andrew.d.brown\.m2\repository\org\flowable\flowable-idm-engine\6.4.1\flowable-idm-engine-6.4.1.jar;C:\Users\andrew.d.brown\.m2\repository\commons-logging\commons-logging\1.2\commons-logging-1.2.jar;C:\Users\andrew.d.brown\.m2\repository\com\fasterxml\uuid\java-uuid-generator\3.1.5\java-uuid-generator-3.1.5.jar;C:\Users\andrew.d.brown\.m2\repository\commons-codec\commons-codec\1.11\commons-codec-1.11.jar;C:\Users\andrew.d.brown\.m2\repository\org\flowable\flowable-idm-engine-configurator\6.4.1\flowable-idm-engine-configurator-6.4.1.jar;C:\Users\andrew.d.brown\.m2\repository\org\flowable\flowable-cmmn-api\6.4.1\flowable-cmmn-api-6.4.1.jar;C:\Users\andrew.d.brown\.m2\repository\org\flowable\flowable-cmmn-model\6.4.1\flowable-cmmn-model-6.4.1.jar;C:\Users\andrew.d.brown\.m2\repository\org\flowable\flowable-dmn-api\6.4.1\flowable-dmn-api-6.4.1.jar;C:\Users\andrew.d.brown\.m2\repository\org\flowable\flowable-dmn-model\6.4.1\flowable-dmn-model-6.4.1.jar;C:\Users\andrew.d.brown\.m2\repository\org\flowable\flowable-form-model\6.4.1\flowable-form-model-6.4.1.jar;C:\Users\andrew.d.brown\.m2\repository\org\flowable\flowable-form-api\6.4.1\flowable-form-api-6.4.1.jar;C:\Users\andrew.d.brown\.m2\repository\org\flowable\flowable-content-api\6.4.1\flowable-content-api-6.4.1.jar;C:\Users\andrew.d.brown\.m2\repository\org\apache\commons\commons-email\1.5\commons-email-1.5.jar;C:\Users\andrew.d.brown\.m2\repository\com\sun\mail\javax.mail\1.6.1\javax.mail-1.6.1.jar;C:\Users\andrew.d.brown\.m2\repository\javax\activation\activation\1.1\activation-1.1.jar;C:\Users\andrew.d.brown\.m2\repository\org\mybatis\mybatis\3.4.6\mybatis-3.4.6.jar;C:\Users\andrew.d.brown\.m2\repository\joda-time\joda-time\2.9.9\joda-time-2.9.9.jar;C:\Users\andrew.d.brown\.m2\repository\org\flowable\flowable-spring\6.4.1\flowable-spring-6.4.1.jar;C:\Users\andrew.d.brown\.m2\repository\org\flowable\flowable-spring-common\6.4.1\flowable-spring-common-6.4.1.jar;C:\Users\andrew.d.brown\.m2\repository\org\flowable\flowable-job-spring-service\6.4.1\flowable-job-spring-service-6.4.1.jar;C:\Users\andrew.d.brown\.m2\repository\org\springframework\spring-jdbc\5.0.4.RELEASE\spring-jdbc-5.0.4.RELEASE.jar;C:\Users\andrew.d.brown\.m2\repository\org\springframework\spring-tx\5.0.4.RELEASE\spring-tx-5.0.4.RELEASE.jar;C:\Users\andrew.d.brown\.m2\repository\org\springframework\spring-orm\5.0.4.RELEASE\spring-orm-5.0.4.RELEASE.jar;C:\Users\andrew.d.brown\.m2\repository\org\springframework\boot\spring-boot-starter-jdbc\2.0.0.RELEASE\spring-boot-starter-jdbc-2.0.0.RELEASE.jar;C:\Users\andrew.d.brown\.m2\repository\com\zaxxer\HikariCP\2.7.8\HikariCP-2.7.8.jar;C:\Users\andrew.d.brown\.m2\repository\org\flowable\flowable-image-generator\6.4.1\flowable-image-generator-6.4.1.jar;C:\Users\andrew.d.brown\.m2\repository\org\slf4j\slf4j-api\1.7.25\slf4j-api-1.7.25.jar;C:\Users\andrew.d.brown\.m2\repository\org\flowable\flowable-bpmn-model\6.4.1\flowable-bpmn-model-6.4.1.jar;C:\Users\andrew.d.brown\.m2\repository\org\apache\commons\commons-lang3\3.7\commons-lang3-3.7.jar;C:\Users\andrew.d.brown\.m2\repository\com\fasterxml\jackson\core\jackson-core\2.9.4\jackson-core-2.9.4.jar;C:\Users\andrew.d.brown\.m2\repository\com\fasterxml\jackson\core\jackson-databind\2.9.4\jackson-databind-2.9.4.jar;C:\Users\andrew.d.brown\.m2\repository\com\fasterxml\jackson\core\jackson-annotations\2.9.0\jackson-annotations-2.9.0.jar;C:\Users\andrew.d.brown\.m2\repository\org\flowable\flowable-bpmn-layout\6.4.1\flowable-bpmn-layout-6.4.1.jar;C:\Users\andrew.d.brown\.m2\repository\org\slf4j\jcl-over-slf4j\1.7.25\jcl-over-slf4j-1.7.25.jar;C:\Users\andrew.d.brown\.m2\repository\org\tinyjee\jgraphx\jgraphx\1.10.4.1\jgraphx-1.10.4.1.jar;C:\Users\andrew.d.brown\.m2\repository\org\flowable\flowable-spring-boot-starter-actuator\6.3.1\flowable-spring-boot-starter-actuator-6.3.1.jar;C:\Users\andrew.d.brown\.m2\repository\org\springframework\boot\spring-boot-starter-data-jpa\2.0.0.RELEASE\spring-boot-starter-data-jpa-2.0.0.RELEASE.jar;C:\Users\andrew.d.brown\.m2\repository\org\springframework\boot\spring-boot-starter-aop\2.0.0.RELEASE\spring-boot-starter-aop-2.0.0.RELEASE.jar;C:\Users\andrew.d.brown\.m2\repository\org\aspectj\aspectjweaver\1.8.13\aspectjweaver-1.8.13.jar;C:\Users\andrew.d.brown\.m2\repository\org\hibernate\hibernate-core\5.2.14.Final\hibernate-core-5.2.14.Final.jar;C:\Users\andrew.d.brown\.m2\repository\org\hibernate\javax\persistence\hibernate-jpa-2.1-api\1.0.0.Final\hibernate-jpa-2.1-api-1.0.0.Final.jar;C:\Users\andrew.d.brown\.m2\repository\org\javassist\javassist\3.22.0-GA\javassist-3.22.0-GA.jar;C:\Users\andrew.d.brown\.m2\repository\antlr\antlr\2.7.7\antlr-2.7.7.jar;C:\Users\andrew.d.brown\.m2\repository\org\jboss\jandex\2.0.3.Final\jandex-2.0.3.Final.jar;C:\Users\andrew.d.brown\.m2\repository\dom4j\dom4j\1.6.1\dom4j-1.6.1.jar;C:\Users\andrew.d.brown\.m2\repository\org\hibernate\common\hibernate-commons-annotations\5.0.1.Final\hibernate-commons-annotations-5.0.1.Final.jar;C:\Users\andrew.d.brown\.m2\repository\javax\transaction\javax.transaction-api\1.2\javax.transaction-api-1.2.jar;C:\Users\andrew.d.brown\.m2\repository\org\springframework\data\spring-data-jpa\2.0.5.RELEASE\spring-data-jpa-2.0.5.RELEASE.jar;C:\Users\andrew.d.brown\.m2\repository\org\springframework\data\spring-data-commons\2.0.5.RELEASE\spring-data-commons-2.0.5.RELEASE.jar;C:\Users\andrew.d.brown\.m2\repository\org\springframework\spring-aspects\5.0.4.RELEASE\spring-aspects-5.0.4.RELEASE.jar;C:\Users\andrew.d.brown\.m2\repository\org\springframework\boot\spring-boot-starter-test\2.0.0.RELEASE\spring-boot-starter-test-2.0.0.RELEASE.jar;C:\Users\andrew.d.brown\.m2\repository\org\springframework\boot\spring-boot-test\2.0.0.RELEASE\spring-boot-test-2.0.0.RELEASE.jar;C:\Users\andrew.d.brown\.m2\repository\org\springframework\boot\spring-boot-test-autoconfigure\2.0.0.RELEASE\spring-boot-test-autoconfigure-2.0.0.RELEASE.jar;C:\Users\andrew.d.brown\.m2\repository\com\jayway\jsonpath\json-path\2.4.0\json-path-2.4.0.jar;C:\Users\andrew.d.brown\.m2\repository\net\minidev\json-smart\2.3\json-smart-2.3.jar;C:\Users\andrew.d.brown\.m2\repository\net\minidev\accessors-smart\1.2\accessors-smart-1.2.jar;C:\Users\andrew.d.brown\.m2\repository\org\ow2\asm\asm\5.0.4\asm-5.0.4.jar;C:\Users\andrew.d.brown\.m2\repository\junit\junit\4.12\junit-4.12.jar;C:\Users\andrew.d.brown\.m2\repository\org\assertj\assertj-core\3.9.1\assertj-core-3.9.1.jar;C:\Users\andrew.d.brown\.m2\repository\org\mockito\mockito-core\2.15.0\mockito-core-2.15.0.jar;C:\Users\andrew.d.brown\.m2\repository\net\bytebuddy\byte-buddy\1.7.10\byte-buddy-1.7.10.jar;C:\Users\andrew.d.brown\.m2\repository\net\bytebuddy\byte-buddy-agent\1.7.10\byte-buddy-agent-1.7.10.jar;C:\Users\andrew.d.brown\.m2\repository\org\objenesis\objenesis\2.6\objenesis-2.6.jar;C:\Users\andrew.d.brown\.m2\repository\org\hamcrest\hamcrest-core\1.3\hamcrest-core-1.3.jar;C:\Users\andrew.d.brown\.m2\repository\org\hamcrest\hamcrest-library\1.3\hamcrest-library-1.3.jar;C:\Users\andrew.d.brown\.m2\repository\org\skyscreamer\jsonassert\1.5.0\jsonassert-1.5.0.jar;C:\Users\andrew.d.brown\.m2\repository\com\vaadin\external\google\android-json\0.0.20131108.vaadin1\android-json-0.0.20131108.vaadin1.jar;C:\Users\andrew.d.brown\.m2\repository\org\springframework\spring-core\5.0.4.RELEASE\spring-core-5.0.4.RELEASE.jar;C:\Users\andrew.d.brown\.m2\repository\org\springframework\spring-jcl\5.0.4.RELEASE\spring-jcl-5.0.4.RELEASE.jar;C:\Users\andrew.d.brown\.m2\repository\org\springframework\spring-test\5.0.4.RELEASE\spring-test-5.0.4.RELEASE.jar;C:\Users\andrew.d.brown\.m2\repository\org\xmlunit\xmlunit-core\2.5.1\xmlunit-core-2.5.1.jar;"/>
    <property name="java.vm.vendor" value="Oracle Corporation"/>
    <property name="sun.arch.data.model" value="64"/>
    <property name="user.variant" value=""/>
    <property name="java.vendor.url" value="http://java.oracle.com/"/>
    <property name="user.timezone" value=""/>
    <property name="java.vm.specification.version" value="1.8"/>
    <property name="os.name" value="Windows 10"/>
    <property name="user.country" value="US"/>
    <property name="sun.java.launcher" value="SUN_STANDARD"/>
    <property name="sun.boot.library.path" value="C:\Program Files\Java\jre1.8.0_211\bin"/>
    <property name="sun.java.command" value="C:\Users\ANDREW~1.BRO\AppData\Local\Temp\surefire7302273720209474946\surefirebooter2356874696338330219.jar C:\Users\andrew.d.brown\AppData\Local\Temp\surefire7302273720209474946 2019-06-11T11-34-39_228-jvmRun1 surefire3176235093522948522tmp surefire_01987669589564810946tmp"/>
    <property name="surefire.test.class.path" value="C:\Users\andrew.d.brown\Repositories\Flow\flowable-springboot-demo\target\test-classes;C:\Users\andrew.d.brown\Repositories\Flow\flowable-springboot-demo\target\classes;C:\Users\andrew.d.brown\.m2\repository\org\springframework\boot\spring-boot-starter-actuator\2.0.0.RELEASE\spring-boot-starter-actuator-2.0.0.RELEASE.jar;C:\Users\andrew.d.brown\.m2\repository\org\springframework\boot\spring-boot-starter\2.0.0.RELEASE\spring-boot-starter-2.0.0.RELEASE.jar;C:\Users\andrew.d.brown\.m2\repository\org\springframework\boot\spring-boot\2.0.0.RELEASE\spring-boot-2.0.0.RELEASE.jar;C:\Users\andrew.d.brown\.m2\repository\org\springframework\boot\spring-boot-autoconfigure\2.0.0.RELEASE\spring-boot-autoconfigure-2.0.0.RELEASE.jar;C:\Users\andrew.d.brown\.m2\repository\org\springframework\boot\spring-boot-starter-logging\2.0.0.RELEASE\spring-boot-starter-logging-2.0.0.RELEASE.jar;C:\Users\andrew.d.brown\.m2\repository\ch\qos\logback\logback-classic\1.2.3\logback-classic-1.2.3.jar;C:\Users\andrew.d.brown\.m2\repository\ch\qos\logback\logback-core\1.2.3\logback-core-1.2.3.jar;C:\Users\andrew.d.brown\.m2\repository\org\apache\logging\log4j\log4j-to-slf4j\2.10.0\log4j-to-slf4j-2.10.0.jar;C:\Users\andrew.d.brown\.m2\repository\org\apache\logging\log4j\log4j-api\2.10.0\log4j-api-2.10.0.jar;C:\Users\andrew.d.brown\.m2\repository\org\slf4j\jul-to-slf4j\1.7.25\jul-to-slf4j-1.7.25.jar;C:\Users\andrew.d.brown\.m2\repository\javax\annotation\javax.annotation-api\1.3.2\javax.annotation-api-1.3.2.jar;C:\Users\andrew.d.brown\.m2\repository\org\yaml\snakeyaml\1.19\snakeyaml-1.19.jar;C:\Users\andrew.d.brown\.m2\repository\org\springframework\boot\spring-boot-actuator-autoconfigure\2.0.0.RELEASE\spring-boot-actuator-autoconfigure-2.0.0.RELEASE.jar;C:\Users\andrew.d.brown\.m2\repository\org\springframework\boot\spring-boot-actuator\2.0.0.RELEASE\spring-boot-actuator-2.0.0.RELEASE.jar;C:\Users\andrew.d.brown\.m2\repository\org\springframework\spring-context\5.0.4.RELEASE\spring-context-5.0.4.RELEASE.jar;C:\Users\andrew.d.brown\.m2\repository\com\fasterxml\jackson\datatype\jackson-datatype-jsr310\2.9.4\jackson-datatype-jsr310-2.9.4.jar;C:\Users\andrew.d.brown\.m2\repository\io\micrometer\micrometer-core\1.0.1\micrometer-core-1.0.1.jar;C:\Users\andrew.d.brown\.m2\repository\org\hdrhistogram\HdrHistogram\2.1.10\HdrHistogram-2.1.10.jar;C:\Users\andrew.d.brown\.m2\repository\org\latencyutils\LatencyUtils\2.0.3\LatencyUtils-2.0.3.jar;C:\Users\andrew.d.brown\.m2\repository\org\springframework\boot\spring-boot-starter-web\2.0.0.RELEASE\spring-boot-starter-web-2.0.0.RELEASE.jar;C:\Users\andrew.d.brown\.m2\repository\org\springframework\boot\spring-boot-starter-json\2.0.0.RELEASE\spring-boot-starter-json-2.0.0.RELEASE.jar;C:\Users\andrew.d.brown\.m2\repository\com\fasterxml\jackson\datatype\jackson-datatype-jdk8\2.9.4\jackson-datatype-jdk8-2.9.4.jar;C:\Users\andrew.d.brown\.m2\repository\com\fasterxml\jackson\module\jackson-module-parameter-names\2.9.4\jackson-module-parameter-names-2.9.4.jar;C:\Users\andrew.d.brown\.m2\repository\org\springframework\boot\spring-boot-starter-tomcat\2.0.0.RELEASE\spring-boot-starter-tomcat-2.0.0.RELEASE.jar;C:\Users\andrew.d.brown\.m2\repository\org\apache\tomcat\embed\tomcat-embed-core\8.5.28\tomcat-embed-core-8.5.28.jar;C:\Users\andrew.d.brown\.m2\repository\org\apache\tomcat\embed\tomcat-embed-el\8.5.28\tomcat-embed-el-8.5.28.jar;C:\Users\andrew.d.brown\.m2\repository\org\apache\tomcat\embed\tomcat-embed-websocket\8.5.28\tomcat-embed-websocket-8.5.28.jar;C:\Users\andrew.d.brown\.m2\repository\org\hibernate\validator\hibernate-validator\6.0.7.Final\hibernate-validator-6.0.7.Final.jar;C:\Users\andrew.d.brown\.m2\repository\javax\validation\validation-api\2.0.1.Final\validation-api-2.0.1.Final.jar;C:\Users\andrew.d.brown\.m2\repository\org\jboss\logging\jboss-logging\3.3.2.Final\jboss-logging-3.3.2.Final.jar;C:\Users\andrew.d.brown\.m2\repository\com\fasterxml\classmate\1.3.4\classmate-1.3.4.jar;C:\Users\andrew.d.brown\.m2\repository\org\springframework\spring-web\5.0.4.RELEASE\spring-web-5.0.4.RELEASE.jar;C:\Users\andrew.d.brown\.m2\repository\org\springframework\spring-beans\5.0.4.RELEASE\spring-beans-5.0.4.RELEASE.jar;C:\Users\andrew.d.brown\.m2\repository\org\springframework\spring-webmvc\5.0.4.RELEASE\spring-webmvc-5.0.4.RELEASE.jar;C:\Users\andrew.d.brown\.m2\repository\org\springframework\spring-aop\5.0.4.RELEASE\spring-aop-5.0.4.RELEASE.jar;C:\Users\andrew.d.brown\.m2\repository\org\springframework\spring-expression\5.0.4.RELEASE\spring-expression-5.0.4.RELEASE.jar;C:\Users\andrew.d.brown\.m2\repository\com\h2database\h2\1.4.196\h2-1.4.196.jar;C:\Users\andrew.d.brown\.m2\repository\org\flowable\flowable-spring-boot-starter-process\6.4.1\flowable-spring-boot-starter-process-6.4.1.jar;C:\Users\andrew.d.brown\.m2\repository\org\flowable\flowable-spring-boot-autoconfigure\6.4.1\flowable-spring-boot-autoconfigure-6.4.1.jar;C:\Users\andrew.d.brown\.m2\repository\org\flowable\flowable-spring-security\6.4.1\flowable-spring-security-6.4.1.jar;C:\Users\andrew.d.brown\.m2\repository\org\flowable\flowable-engine\6.4.1\flowable-engine-6.4.1.jar;C:\Users\andrew.d.brown\.m2\repository\org\flowable\flowable-bpmn-converter\6.4.1\flowable-bpmn-converter-6.4.1.jar;C:\Users\andrew.d.brown\.m2\repository\org\flowable\flowable-process-validation\6.4.1\flowable-process-validation-6.4.1.jar;C:\Users\andrew.d.brown\.m2\repository\org\flowable\flowable-engine-common-api\6.4.1\flowable-engine-common-api-6.4.1.jar;C:\Users\andrew.d.brown\.m2\repository\org\flowable\flowable-engine-common\6.4.1\flowable-engine-common-6.4.1.jar;C:\Users\andrew.d.brown\.m2\repository\org\flowable\flowable-variable-service-api\6.4.1\flowable-variable-service-api-6.4.1.jar;C:\Users\andrew.d.brown\.m2\repository\org\flowable\flowable-variable-service\6.4.1\flowable-variable-service-6.4.1.jar;C:\Users\andrew.d.brown\.m2\repository\org\flowable\flowable-identitylink-service\6.4.1\flowable-identitylink-service-6.4.1.jar;C:\Users\andrew.d.brown\.m2\repository\org\flowable\flowable-identitylink-service-api\6.4.1\flowable-identitylink-service-api-6.4.1.jar;C:\Users\andrew.d.brown\.m2\repository\org\flowable\flowable-entitylink-service\6.4.1\flowable-entitylink-service-6.4.1.jar;C:\Users\andrew.d.brown\.m2\repository\org\flowable\flowable-entitylink-service-api\6.4.1\flowable-entitylink-service-api-6.4.1.jar;C:\Users\andrew.d.brown\.m2\repository\org\flowable\flowable-task-service\6.4.1\flowable-task-service-6.4.1.jar;C:\Users\andrew.d.brown\.m2\repository\org\flowable\flowable-task-service-api\6.4.1\flowable-task-service-api-6.4.1.jar;C:\Users\andrew.d.brown\.m2\repository\org\flowable\flowable-job-service\6.4.1\flowable-job-service-6.4.1.jar;C:\Users\andrew.d.brown\.m2\repository\org\flowable\flowable-job-service-api\6.4.1\flowable-job-service-api-6.4.1.jar;C:\Users\andrew.d.brown\.m2\repository\org\flowable\flowable-idm-api\6.4.1\flowable-idm-api-6.4.1.jar;C:\Users\andrew.d.brown\.m2\repository\org\flowable\flowable-idm-engine\6.4.1\flowable-idm-engine-6.4.1.jar;C:\Users\andrew.d.brown\.m2\repository\commons-logging\commons-logging\1.2\commons-logging-1.2.jar;C:\Users\andrew.d.brown\.m2\repository\com\fasterxml\uuid\java-uuid-generator\3.1.5\java-uuid-generator-3.1.5.jar;C:\Users\andrew.d.brown\.m2\repository\commons-codec\commons-codec\1.11\commons-codec-1.11.jar;C:\Users\andrew.d.brown\.m2\repository\org\flowable\flowable-idm-engine-configurator\6.4.1\flowable-idm-engine-configurator-6.4.1.jar;C:\Users\andrew.d.brown\.m2\repository\org\flowable\flowable-cmmn-api\6.4.1\flowable-cmmn-api-6.4.1.jar;C:\Users\andrew.d.brown\.m2\repository\org\flowable\flowable-cmmn-model\6.4.1\flowable-cmmn-model-6.4.1.jar;C:\Users\andrew.d.brown\.m2\repository\org\flowable\flowable-dmn-api\6.4.1\flowable-dmn-api-6.4.1.jar;C:\Users\andrew.d.brown\.m2\repository\org\flowable\flowable-dmn-model\6.4.1\flowable-dmn-model-6.4.1.jar;C:\Users\andrew.d.brown\.m2\repository\org\flowable\flowable-form-model\6.4.1\flowable-form-model-6.4.1.jar;C:\Users\andrew.d.brown\.m2\repository\org\flowable\flowable-form-api\6.4.1\flowable-form-api-6.4.1.jar;C:\Users\andrew.d.brown\.m2\repository\org\flowable\flowable-content-api\6.4.1\flowable-content-api-6.4.1.jar;C:\Users\andrew.d.brown\.m2\repository\org\apache\commons\commons-email\1.5\commons-email-1.5.jar;C:\Users\andrew.d.brown\.m2\repository\com\sun\mail\javax.mail\1.6.1\javax.mail-1.6.1.jar;C:\Users\andrew.d.brown\.m2\repository\javax\activation\activation\1.1\activation-1.1.jar;C:\Users\andrew.d.brown\.m2\repository\org\mybatis\mybatis\3.4.6\mybatis-3.4.6.jar;C:\Users\andrew.d.brown\.m2\repository\joda-time\joda-time\2.9.9\joda-time-2.9.9.jar;C:\Users\andrew.d.brown\.m2\repository\org\flowable\flowable-spring\6.4.1\flowable-spring-6.4.1.jar;C:\Users\andrew.d.brown\.m2\repository\org\flowable\flowable-spring-common\6.4.1\flowable-spring-common-6.4.1.jar;C:\Users\andrew.d.brown\.m2\repository\org\flowable\flowable-job-spring-service\6.4.1\flowable-job-spring-service-6.4.1.jar;C:\Users\andrew.d.brown\.m2\repository\org\springframework\spring-jdbc\5.0.4.RELEASE\spring-jdbc-5.0.4.RELEASE.jar;C:\Users\andrew.d.brown\.m2\repository\org\springframework\spring-tx\5.0.4.RELEASE\spring-tx-5.0.4.RELEASE.jar;C:\Users\andrew.d.brown\.m2\repository\org\springframework\spring-orm\5.0.4.RELEASE\spring-orm-5.0.4.RELEASE.jar;C:\Users\andrew.d.brown\.m2\repository\org\springframework\boot\spring-boot-starter-jdbc\2.0.0.RELEASE\spring-boot-starter-jdbc-2.0.0.RELEASE.jar;C:\Users\andrew.d.brown\.m2\repository\com\zaxxer\HikariCP\2.7.8\HikariCP-2.7.8.jar;C:\Users\andrew.d.brown\.m2\repository\org\flowable\flowable-image-generator\6.4.1\flowable-image-generator-6.4.1.jar;C:\Users\andrew.d.brown\.m2\repository\org\slf4j\slf4j-api\1.7.25\slf4j-api-1.7.25.jar;C:\Users\andrew.d.brown\.m2\repository\org\flowable\flowable-bpmn-model\6.4.1\flowable-bpmn-model-6.4.1.jar;C:\Users\andrew.d.brown\.m2\repository\org\apache\commons\commons-lang3\3.7\commons-lang3-3.7.jar;C:\Users\andrew.d.brown\.m2\repository\com\fasterxml\jackson\core\jackson-core\2.9.4\jackson-core-2.9.4.jar;C:\Users\andrew.d.brown\.m2\repository\com\fasterxml\jackson\core\jackson-databind\2.9.4\jackson-databind-2.9.4.jar;C:\Users\andrew.d.brown\.m2\repository\com\fasterxml\jackson\core\jackson-annotations\2.9.0\jackson-annotations-2.9.0.jar;C:\Users\andrew.d.brown\.m2\repository\org\flowable\flowable-bpmn-layout\6.4.1\flowable-bpmn-layout-6.4.1.jar;C:\Users\andrew.d.brown\.m2\repository\org\slf4j\jcl-over-slf4j\1.7.25\jcl-over-slf4j-1.7.25.jar;C:\Users\andrew.d.brown\.m2\repository\org\tinyjee\jgraphx\jgraphx\1.10.4.1\jgraphx-1.10.4.1.jar;C:\Users\andrew.d.brown\.m2\repository\org\flowable\flowable-spring-boot-starter-actuator\6.3.1\flowable-spring-boot-starter-actuator-6.3.1.jar;C:\Users\andrew.d.brown\.m2\repository\org\springframework\boot\spring-boot-starter-data-jpa\2.0.0.RELEASE\spring-boot-starter-data-jpa-2.0.0.RELEASE.jar;C:\Users\andrew.d.brown\.m2\repository\org\springframework\boot\spring-boot-starter-aop\2.0.0.RELEASE\spring-boot-starter-aop-2.0.0.RELEASE.jar;C:\Users\andrew.d.brown\.m2\repository\org\aspectj\aspectjweaver\1.8.13\aspectjweaver-1.8.13.jar;C:\Users\andrew.d.brown\.m2\repository\org\hibernate\hibernate-core\5.2.14.Final\hibernate-core-5.2.14.Final.jar;C:\Users\andrew.d.brown\.m2\repository\org\hibernate\javax\persistence\hibernate-jpa-2.1-api\1.0.0.Final\hibernate-jpa-2.1-api-1.0.0.Final.jar;C:\Users\andrew.d.brown\.m2\repository\org\javassist\javassist\3.22.0-GA\javassist-3.22.0-GA.jar;C:\Users\andrew.d.brown\.m2\repository\antlr\antlr\2.7.7\antlr-2.7.7.jar;C:\Users\andrew.d.brown\.m2\repository\org\jboss\jandex\2.0.3.Final\jandex-2.0.3.Final.jar;C:\Users\andrew.d.brown\.m2\repository\dom4j\dom4j\1.6.1\dom4j-1.6.1.jar;C:\Users\andrew.d.brown\.m2\repository\org\hibernate\common\hibernate-commons-annotations\5.0.1.Final\hibernate-commons-annotations-5.0.1.Final.jar;C:\Users\andrew.d.brown\.m2\repository\javax\transaction\javax.transaction-api\1.2\javax.transaction-api-1.2.jar;C:\Users\andrew.d.brown\.m2\repository\org\springframework\data\spring-data-jpa\2.0.5.RELEASE\spring-data-jpa-2.0.5.RELEASE.jar;C:\Users\andrew.d.brown\.m2\repository\org\springframework\data\spring-data-commons\2.0.5.RELEASE\spring-data-commons-2.0.5.RELEASE.jar;C:\Users\andrew.d.brown\.m2\repository\org\springframework\spring-aspects\5.0.4.RELEASE\spring-aspects-5.0.4.RELEASE.jar;C:\Users\andrew.d.brown\.m2\repository\org\springframework\boot\spring-boot-starter-test\2.0.0.RELEASE\spring-boot-starter-test-2.0.0.RELEASE.jar;C:\Users\andrew.d.brown\.m2\repository\org\springframework\boot\spring-boot-test\2.0.0.RELEASE\spring-boot-test-2.0.0.RELEASE.jar;C:\Users\andrew.d.brown\.m2\repository\org\springframework\boot\spring-boot-test-autoconfigure\2.0.0.RELEASE\spring-boot-test-autoconfigure-2.0.0.RELEASE.jar;C:\Users\andrew.d.brown\.m2\repository\com\jayway\jsonpath\json-path\2.4.0\json-path-2.4.0.jar;C:\Users\andrew.d.brown\.m2\repository\net\minidev\json-smart\2.3\json-smart-2.3.jar;C:\Users\andrew.d.brown\.m2\repository\net\minidev\accessors-smart\1.2\accessors-smart-1.2.jar;C:\Users\andrew.d.brown\.m2\repository\org\ow2\asm\asm\5.0.4\asm-5.0.4.jar;C:\Users\andrew.d.brown\.m2\repository\junit\junit\4.12\junit-4.12.jar;C:\Users\andrew.d.brown\.m2\repository\org\assertj\assertj-core\3.9.1\assertj-core-3.9.1.jar;C:\Users\andrew.d.brown\.m2\repository\org\mockito\mockito-core\2.15.0\mockito-core-2.15.0.jar;C:\Users\andrew.d.brown\.m2\repository\net\bytebuddy\byte-buddy\1.7.10\byte-buddy-1.7.10.jar;C:\Users\andrew.d.brown\.m2\repository\net\bytebuddy\byte-buddy-agent\1.7.10\byte-buddy-agent-1.7.10.jar;C:\Users\andrew.d.brown\.m2\repository\org\objenesis\objenesis\2.6\objenesis-2.6.jar;C:\Users\andrew.d.brown\.m2\repository\org\hamcrest\hamcrest-core\1.3\hamcrest-core-1.3.jar;C:\Users\andrew.d.brown\.m2\repository\org\hamcrest\hamcrest-library\1.3\hamcrest-library-1.3.jar;C:\Users\andrew.d.brown\.m2\repository\org\skyscreamer\jsonassert\1.5.0\jsonassert-1.5.0.jar;C:\Users\andrew.d.brown\.m2\repository\com\vaadin\external\google\android-json\0.0.20131108.vaadin1\android-json-0.0.20131108.vaadin1.jar;C:\Users\andrew.d.brown\.m2\repository\org\springframework\spring-core\5.0.4.RELEASE\spring-core-5.0.4.RELEASE.jar;C:\Users\andrew.d.brown\.m2\repository\org\springframework\spring-jcl\5.0.4.RELEASE\spring-jcl-5.0.4.RELEASE.jar;C:\Users\andrew.d.brown\.m2\repository\org\springframework\spring-test\5.0.4.RELEASE\spring-test-5.0.4.RELEASE.jar;C:\Users\andrew.d.brown\.m2\repository\org\xmlunit\xmlunit-core\2.5.1\xmlunit-core-2.5.1.jar;"/>
    <property name="sun.cpu.endian" value="little"/>
    <property name="user.home" value="C:\Users\andrew.d.brown"/>
    <property name="user.language" value="en"/>
    <property name="java.specification.vendor" value="Oracle Corporation"/>
    <property name="java.home" value="C:\Program Files\Java\jre1.8.0_211"/>
    <property name="basedir" value="C:\Users\andrew.d.brown\Repositories\Flow\flowable-springboot-demo"/>
    <property name="file.separator" value="\"/>
    <property name="line.separator" value="&#10;"/>
    <property name="java.vm.specification.vendor" value="Oracle Corporation"/>
    <property name="java.specification.name" value="Java Platform API Specification"/>
    <property name="java.awt.graphicsenv" value="sun.awt.Win32GraphicsEnvironment"/>
    <property name="surefire.real.class.path" value="C:\Users\ANDREW~1.BRO\AppData\Local\Temp\surefire7302273720209474946\surefirebooter2356874696338330219.jar"/>
    <property name="sun.boot.class.path" value="C:\Program Files\Java\jre1.8.0_211\lib\resources.jar;C:\Program Files\Java\jre1.8.0_211\lib\rt.jar;C:\Program Files\Java\jre1.8.0_211\lib\sunrsasign.jar;C:\Program Files\Java\jre1.8.0_211\lib\jsse.jar;C:\Program Files\Java\jre1.8.0_211\lib\jce.jar;C:\Program Files\Java\jre1.8.0_211\lib\charsets.jar;C:\Program Files\Java\jre1.8.0_211\lib\jfr.jar;C:\Program Files\Java\jre1.8.0_211\classes"/>
    <property name="user.script" value=""/>
    <property name="sun.management.compiler" value="HotSpot 64-Bit Tiered Compilers"/>
    <property name="java.runtime.version" value="1.8.0_211-b12"/>
    <property name="user.name" value="andrew.d.brown"/>
    <property name="path.separator" value=";"/>
    <property name="os.version" value="10.0"/>
    <property name="java.endorsed.dirs" value="C:\Program Files\Java\jre1.8.0_211\lib\endorsed"/>
    <property name="java.runtime.name" value="Java(TM) SE Runtime Environment"/>
    <property name="file.encoding" value="Cp1252"/>
    <property name="java.vm.name" value="Java HotSpot(TM) 64-Bit Server VM"/>
    <property name="localRepository" value="C:\Users\andrew.d.brown\.m2\repository"/>
    <property name="java.vendor.url.bug" value="http://bugreport.sun.com/bugreport/"/>
    <property name="java.io.tmpdir" value="C:\Users\ANDREW~1.BRO\AppData\Local\Temp\"/>
    <property name="java.version" value="1.8.0_211"/>
    <property name="user.dir" value="C:\Users\andrew.d.brown\Repositories\Flow\flowable-springboot-demo"/>
    <property name="os.arch" value="amd64"/>
    <property name="java.vm.specification.name" value="Java Virtual Machine Specification"/>
    <property name="java.awt.printerjob" value="sun.awt.windows.WPrinterJob"/>
    <property name="sun.os.patch.level" value=""/>
    <property name="java.library.path" value="C:\Program Files\Java\jre1.8.0_211\bin;C:\WINDOWS\Sun\Java\bin;C:\WINDOWS\system32;C:\WINDOWS;C:\Program Files (x86)\Common Files\Oracle\Java\javapath;C:\ProgramData\Oracle\Java\javapath;C:\Program Files\Java\jdk1.8.0_201\bin;C:\WINDOWS\system32;C:\WINDOWS;C:\WINDOWS\System32\Wbem;C:\WINDOWS\System32\WindowsPowerShell\v1.0\;C:\Program Files (x86)\WebEx\Productivity Tools;C:\Program Files\Git\cmd;C:\Program Files\nodejs\;C:\Program Files\Maven\apache-maven-3.6.0-bin\apache-maven-3.6.0\bin;C:\Program Files\MongoDB\Server\4.0\bin;C:\Users\andrew.d.brown\AppData\Local\Microsoft\WindowsApps;;C:\Users\andrew.d.brown\AppData\Local\Programs\Microsoft VS Code\bin;C:\Users\andrew.d.brown\AppData\Roaming\npm;."/>
    <property name="java.vm.info" value="mixed mode"/>
    <property name="java.vendor" value="Oracle Corporation"/>
    <property name="java.vm.version" value="25.211-b12"/>
    <property name="java.ext.dirs" value="C:\Program Files\Java\jre1.8.0_211\lib\ext;C:\WINDOWS\Sun\Java\lib\ext"/>
    <property name="sun.io.unicode.encoding" value="UnicodeLittle"/>
    <property name="java.class.version" value="52.0"/>
  </properties>
  <testcase name="contextLoads" classname="org.flowable.examples.spring.boot.FlowableSpringBootExampleApplicationTests" time="0.095"/>
</testsuite>